<?xml version="1.0" encoding="UTF-8"?>
<testsuites name="PruebaTest" time="22.077" tests="1" failures="0" errors="0">
   <testsuite name="PruebaTest" tests="1" failures="0" errors="0" time="22.077" timestamp="2019-12-16 16:01:22" hostname="wilson.otalvaro - Doctus-0080.intranet.soludoctus.com" id="Test Suites/PruebaTest">
      <properties>
         <property name="deviceName" value=""/>
         <property name="devicePlatform" value=""/>
         <property name="logFolder" value="C:\\Pruebaskatalon\\Rv Inmobiliaria\\RvInmobiliariaRecord\\RvInmobiliariaRecord\\Reports\\20191216_160116\\PruebaTest\\20191216_160116"/>
         <property name="logFiles" value="C:\\Pruebaskatalon\\Rv Inmobiliaria\\RvInmobiliariaRecord\\RvInmobiliariaRecord\\Reports\\20191216_160116\\PruebaTest\\20191216_160116\\execution0.log"/>
         <property name="attachments" value=""/>
         <property name="hostName" value="wilson.otalvaro - Doctus-0080.intranet.soludoctus.com"/>
         <property name="os" value="Windows 10 64bit"/>
         <property name="katalonVersion" value="7.1.2.1"/>
         <property name="browser" value="Firefox 70.0"/>
         <property name="hostAddress" value="192.168.46.2"/>
         <property name="sessionId" value="610f07c2-a8f1-4059-aa39-419f8b88a69c"/>
         <property name="seleniumVersion" value="3.141.59"/>
         <property name="proxyInformation" value="ProxyInformation{proxyOption=NO_PROXY, proxyServerType=HTTP, password=, proxyServerAddress=, proxyServerPort=0, executionList=}"/>
         <property name="platform" value="Windows 10"/>
      </properties>
      <testcase name="Test Cases/Avaluos/Test_avaluos" time="20.003" classname="Test Cases/Avaluos/Test_avaluos" status="PASSED">
         <system-out><![CDATA[2019-12-16 16:01:23 - [TEST_CASE][PASSED] - Test Cases/Avaluos/Test_avaluos: Test Cases/Avaluos/Test_avaluos

2019-12-16 16:01:23 - [TEST_STEP][PASSED] - openBrowser(""): Browser is opened with url: ''

2019-12-16 16:01:23 - [MESSAGE][INFO] - Starting 'Firefox' driver

2019-12-16 16:01:24 - [MESSAGE][INFO] - Action delay is set to 0 seconds

2019-12-16 16:01:28 - [MESSAGE][PASSED] - Browser is opened with url: ''

2019-12-16 16:01:28 - [TEST_STEP][PASSED] - maximizeWindow(): Current window maximized

2019-12-16 16:01:28 - [MESSAGE][PASSED] - Current window maximized

2019-12-16 16:01:28 - [TEST_STEP][PASSED] - navigateToUrl("https://rv.sitioweb.doctusdev.com/avaluos"): Navigate to 'https://rv.sitioweb.doctusdev.com/avaluos' successfully

2019-12-16 16:01:36 - [MESSAGE][PASSED] - Navigate to 'https://rv.sitioweb.doctusdev.com/avaluos' successfully

2019-12-16 16:01:36 - [TEST_STEP][PASSED] - setText(findTestObject("Page_Iniciar Sesin/input_Usuario_UserName"), "eseguro_c"): Text 'eseguro_c' is set on object 'Object Repository/Page_Iniciar Sesin/input_Usuario_UserName'

2019-12-16 16:01:37 - [MESSAGE][PASSED] - Text 'eseguro_c' is set on object 'Object Repository/Page_Iniciar Sesin/input_Usuario_UserName'

2019-12-16 16:01:37 - [TEST_STEP][PASSED] - setEncryptedText(findTestObject("Page_Iniciar Sesin/input_Contrasea_Password"), "nb2Oiqk0V9vLY3/cKD33Cw=="): Text ****** has been set on object 'Object Repository/Page_Iniciar Sesin/input_Contrasea_Password'

2019-12-16 16:01:37 - [MESSAGE][PASSED] - Text ****** has been set on object 'Object Repository/Page_Iniciar Sesin/input_Contrasea_Password'

2019-12-16 16:01:37 - [TEST_STEP][PASSED] - click(findTestObject("Page_Iniciar Sesin/input_Olvid mi contrasea_btn btn-default")): Object: 'Object Repository/Page_Iniciar Sesin/input_Olvid mi contrasea_btn btn-default' is clicked on

2019-12-16 16:01:43 - [MESSAGE][PASSED] - Object: 'Object Repository/Page_Iniciar Sesin/input_Olvid mi contrasea_btn btn-default' is clicked on]]></system-out>
         <system-err><![CDATA[]]></system-err>
      </testcase>
      <system-out><![CDATA[2019-12-16 16:01:22 - [TEST_SUITE][PASSED] - PruebaTest: Test Cases/Avaluos/Test_avaluos]]></system-out>
      <system-err><![CDATA[]]></system-err>
   </testsuite>
</testsuites>
